<?xml version="1.0" encoding="UTF-8"?>
<testsuite xmlns:xsi="http://www.w3.org/2001/XMLSchema-instance" xsi:noNamespaceSchemaLocation="https://maven.apache.org/surefire/maven-surefire-plugin/xsd/surefire-test-report-3.0.xsd" version="3.0" name="com.provectus.kafka.ui.serdes.bson.BsonSerdeTest" time="0.436" tests="8" errors="0" skipped="0" failures="0">
  <properties>
[...]
</properties>
  <testcase name="canBeAppliedToAnyTopic(Target)[1]" classname="com.provectus.kafka.ui.serdes.bson.BsonSerdeTest" time="0.023"/>
  <testcase name="canBeAppliedToAnyTopic(Target)[2]" classname="com.provectus.kafka.ui.serdes.bson.BsonSerdeTest" time="0.001"/>
  <testcase name="doesNoProvideSchemaDescription(Target)[1]" classname="com.provectus.kafka.ui.serdes.bson.BsonSerdeTest" time="0.001"/>
  <testcase name="doesNoProvideSchemaDescription(Target)[2]" classname="com.provectus.kafka.ui.serdes.bson.BsonSerdeTest" time="0.001"/>
  <testcase name="serializeAndDeserializeWorksInPair(String)[1]" classname="com.provectus.kafka.ui.serdes.bson.BsonSerdeTest" time="0.11"/>
  <testcase name="serializeAndDeserializeWorksInPair(String)[2]" classname="com.provectus.kafka.ui.serdes.bson.BsonSerdeTest" time="0.002"/>
  <testcase name="serializeAndDeserializeWorksInPair(String)[3]" classname="com.provectus.kafka.ui.serdes.bson.BsonSerdeTest" time="0.001"/>
  <testcase name="generatorAndParserFeaturesCanBeTunedViaConfig" classname="com.provectus.kafka.ui.serdes.bson.BsonSerdeTest" time="0.014"/>
</testsuite>